2024-04-23 13:44:56 [restartedMain] INFO  c.ssafy.stellar.StellarApplication - Starting StellarApplication using Java 17.0.9 with PID 2908 (C:\Users\SSAFY\SSAFY\Project\s10_final\S10P31C105\BackEnd\StellAR\build\classes\java\main started by SSAFY in C:\Users\SSAFY\SSAFY\Project\s10_final\S10P31C105\BackEnd\StellAR)
2024-04-23 13:44:56 [restartedMain] INFO  c.ssafy.stellar.StellarApplication - No active profile set, falling back to 1 default profile: "default"
2024-04-23 13:44:56 [restartedMain] INFO  o.s.b.d.e.DevToolsPropertyDefaultsPostProcessor - Devtools property defaults active! Set 'spring.devtools.add-properties' to 'false' to disable
2024-04-23 13:44:56 [restartedMain] INFO  o.s.b.d.e.DevToolsPropertyDefaultsPostProcessor - For additional web related logging consider setting the 'logging.level.web' property to 'DEBUG'
2024-04-23 13:44:56 [restartedMain] INFO  o.s.d.r.c.RepositoryConfigurationDelegate - Bootstrapping Spring Data JPA repositories in DEFAULT mode.
2024-04-23 13:44:56 [restartedMain] INFO  o.s.d.r.c.RepositoryConfigurationDelegate - Finished Spring Data repository scanning in 39 ms. Found 2 JPA repository interfaces.
2024-04-23 13:44:57 [restartedMain] INFO  o.s.b.w.e.tomcat.TomcatWebServer - Tomcat initialized with port 8080 (http)
2024-04-23 13:44:57 [restartedMain] INFO  o.a.coyote.http11.Http11NioProtocol - Initializing ProtocolHandler ["http-nio-8080"]
2024-04-23 13:44:57 [restartedMain] INFO  o.a.catalina.core.StandardService - Starting service [Tomcat]
2024-04-23 13:44:57 [restartedMain] INFO  o.a.catalina.core.StandardEngine - Starting Servlet engine: [Apache Tomcat/10.1.19]
2024-04-23 13:44:57 [restartedMain] INFO  o.a.c.c.C.[Tomcat].[localhost].[/] - Initializing Spring embedded WebApplicationContext
2024-04-23 13:44:57 [restartedMain] INFO  o.s.b.w.s.c.ServletWebServerApplicationContext - Root WebApplicationContext: initialization completed in 1059 ms
2024-04-23 13:44:57 [restartedMain] INFO  o.h.jpa.internal.util.LogHelper - HHH000204: Processing PersistenceUnitInfo [name: default]
2024-04-23 13:44:57 [restartedMain] INFO  org.hibernate.Version - HHH000412: Hibernate ORM core version 6.4.4.Final
2024-04-23 13:44:57 [restartedMain] INFO  o.h.c.i.RegionFactoryInitiator - HHH000026: Second-level cache disabled
2024-04-23 13:44:57 [restartedMain] INFO  o.s.o.j.p.SpringPersistenceUnitInfo - No LoadTimeWeaver setup: ignoring JPA class transformer
2024-04-23 13:44:57 [restartedMain] INFO  com.zaxxer.hikari.HikariDataSource - HikariPool-1 - Starting...
2024-04-23 13:44:58 [restartedMain] INFO  com.zaxxer.hikari.pool.HikariPool - HikariPool-1 - Added connection org.mariadb.jdbc.Connection@61236a42
2024-04-23 13:44:58 [restartedMain] INFO  com.zaxxer.hikari.HikariDataSource - HikariPool-1 - Start completed.
2024-04-23 13:44:58 [restartedMain] WARN  org.hibernate.dialect.Dialect - HHH000511: The 5.6.47 version for [org.hibernate.dialect.MariaDBDialect] is no longer supported, hence certain features may not work properly. The minimum supported version is 10.4.0. Check the community dialects project for available legacy versions.
2024-04-23 13:44:58 [restartedMain] WARN  org.hibernate.orm.deprecation - HHH90000025: MariaDBDialect does not need to be specified explicitly using 'hibernate.dialect' (remove the property setting and it will be selected by default)
2024-04-23 13:44:58 [restartedMain] INFO  o.h.e.t.j.p.i.JtaPlatformInitiator - HHH000489: No JTA platform available (set 'hibernate.transaction.jta.platform' to enable JTA platform integration)
2024-04-23 13:44:58 [restartedMain] INFO  o.s.o.j.LocalContainerEntityManagerFactoryBean - Initialized JPA EntityManagerFactory for persistence unit 'default'
2024-04-23 13:44:58 [restartedMain] WARN  o.s.b.a.o.j.JpaBaseConfiguration$JpaWebConfiguration - spring.jpa.open-in-view is enabled by default. Therefore, database queries may be performed during view rendering. Explicitly configure spring.jpa.open-in-view to disable this warning
2024-04-23 13:44:59 [restartedMain] INFO  o.s.b.d.a.OptionalLiveReloadServer - LiveReload server is running on port 35729
2024-04-23 13:44:59 [restartedMain] INFO  o.a.coyote.http11.Http11NioProtocol - Starting ProtocolHandler ["http-nio-8080"]
2024-04-23 13:44:59 [restartedMain] INFO  o.s.b.w.e.tomcat.TomcatWebServer - Tomcat started on port 8080 (http) with context path ''
2024-04-23 13:44:59 [restartedMain] INFO  c.ssafy.stellar.StellarApplication - Started StellarApplication in 3.607 seconds (process running for 3.995)
2024-04-23 13:50:52 [File Watcher] INFO  o.s.b.d.a.LocalDevToolsAutoConfiguration$RestartingClassPathChangeChangedEventListener - Restarting due to 1 class path change (0 additions, 1 deletion, 0 modifications)
2024-04-23 13:50:52 [Thread-5] INFO  o.a.coyote.http11.Http11NioProtocol - Stopping ProtocolHandler ["http-nio-8080"]
2024-04-23 13:50:52 [Thread-5] INFO  o.s.o.j.LocalContainerEntityManagerFactoryBean - Closing JPA EntityManagerFactory for persistence unit 'default'
2024-04-23 13:50:52 [Thread-5] INFO  com.zaxxer.hikari.HikariDataSource - HikariPool-1 - Shutdown initiated...
2024-04-23 13:50:52 [Thread-5] INFO  com.zaxxer.hikari.HikariDataSource - HikariPool-1 - Shutdown completed.
2024-04-23 13:50:52 [restartedMain] INFO  c.ssafy.stellar.StellarApplication - Starting StellarApplication using Java 17.0.9 with PID 2908 (C:\Users\SSAFY\SSAFY\Project\s10_final\S10P31C105\BackEnd\StellAR\build\classes\java\main started by SSAFY in C:\Users\SSAFY\SSAFY\Project\s10_final\S10P31C105\BackEnd\StellAR)
2024-04-23 13:50:52 [restartedMain] INFO  c.ssafy.stellar.StellarApplication - No active profile set, falling back to 1 default profile: "default"
2024-04-23 13:50:52 [restartedMain] INFO  o.s.d.r.c.RepositoryConfigurationDelegate - Bootstrapping Spring Data JPA repositories in DEFAULT mode.
2024-04-23 13:50:52 [restartedMain] INFO  o.s.d.r.c.RepositoryConfigurationDelegate - Finished Spring Data repository scanning in 6 ms. Found 2 JPA repository interfaces.
2024-04-23 13:50:52 [restartedMain] INFO  o.s.b.w.e.tomcat.TomcatWebServer - Tomcat initialized with port 8080 (http)
2024-04-23 13:50:52 [restartedMain] INFO  o.a.coyote.http11.Http11NioProtocol - Initializing ProtocolHandler ["http-nio-8080"]
2024-04-23 13:50:52 [restartedMain] INFO  o.a.catalina.core.StandardService - Starting service [Tomcat]
2024-04-23 13:50:52 [restartedMain] INFO  o.a.catalina.core.StandardEngine - Starting Servlet engine: [Apache Tomcat/10.1.19]
2024-04-23 13:50:52 [restartedMain] INFO  o.a.c.c.C.[Tomcat].[localhost].[/] - Initializing Spring embedded WebApplicationContext
2024-04-23 13:50:52 [restartedMain] INFO  o.s.b.w.s.c.ServletWebServerApplicationContext - Root WebApplicationContext: initialization completed in 226 ms
2024-04-23 13:50:52 [restartedMain] INFO  o.h.jpa.internal.util.LogHelper - HHH000204: Processing PersistenceUnitInfo [name: default]
2024-04-23 13:50:52 [restartedMain] INFO  o.h.c.i.RegionFactoryInitiator - HHH000026: Second-level cache disabled
2024-04-23 13:50:52 [restartedMain] INFO  o.s.o.j.p.SpringPersistenceUnitInfo - No LoadTimeWeaver setup: ignoring JPA class transformer
2024-04-23 13:50:52 [restartedMain] INFO  com.zaxxer.hikari.HikariDataSource - HikariPool-2 - Starting...
2024-04-23 13:50:53 [restartedMain] INFO  com.zaxxer.hikari.pool.HikariPool - HikariPool-2 - Added connection org.mariadb.jdbc.Connection@33b7ce2e
2024-04-23 13:50:53 [restartedMain] INFO  com.zaxxer.hikari.HikariDataSource - HikariPool-2 - Start completed.
2024-04-23 13:50:53 [restartedMain] WARN  org.hibernate.dialect.Dialect - HHH000511: The 5.6.47 version for [org.hibernate.dialect.MariaDBDialect] is no longer supported, hence certain features may not work properly. The minimum supported version is 10.4.0. Check the community dialects project for available legacy versions.
2024-04-23 13:50:53 [restartedMain] WARN  org.hibernate.orm.deprecation - HHH90000025: MariaDBDialect does not need to be specified explicitly using 'hibernate.dialect' (remove the property setting and it will be selected by default)
2024-04-23 13:50:53 [restartedMain] INFO  o.h.e.t.j.p.i.JtaPlatformInitiator - HHH000489: No JTA platform available (set 'hibernate.transaction.jta.platform' to enable JTA platform integration)
2024-04-23 13:50:53 [restartedMain] INFO  o.s.o.j.LocalContainerEntityManagerFactoryBean - Initialized JPA EntityManagerFactory for persistence unit 'default'
2024-04-23 13:50:53 [restartedMain] WARN  o.s.b.a.o.j.JpaBaseConfiguration$JpaWebConfiguration - spring.jpa.open-in-view is enabled by default. Therefore, database queries may be performed during view rendering. Explicitly configure spring.jpa.open-in-view to disable this warning
2024-04-23 13:50:53 [restartedMain] INFO  o.s.b.d.a.OptionalLiveReloadServer - LiveReload server is running on port 35729
2024-04-23 13:50:53 [restartedMain] INFO  o.a.coyote.http11.Http11NioProtocol - Starting ProtocolHandler ["http-nio-8080"]
2024-04-23 13:50:53 [restartedMain] INFO  o.s.b.w.e.tomcat.TomcatWebServer - Tomcat started on port 8080 (http) with context path ''
2024-04-23 13:50:53 [restartedMain] INFO  c.ssafy.stellar.StellarApplication - Started StellarApplication in 1.132 seconds (process running for 358.117)
2024-04-23 13:50:53 [restartedMain] INFO  o.s.b.d.a.ConditionEvaluationDeltaLoggingListener - Condition evaluation unchanged
2024-04-23 13:50:55 [File Watcher] INFO  o.s.b.d.a.LocalDevToolsAutoConfiguration$RestartingClassPathChangeChangedEventListener - Restarting due to 1 class path change (1 addition, 0 deletions, 0 modifications)
2024-04-23 13:50:55 [Thread-7] INFO  o.a.coyote.http11.Http11NioProtocol - Stopping ProtocolHandler ["http-nio-8080"]
2024-04-23 13:50:55 [Thread-7] INFO  o.s.o.j.LocalContainerEntityManagerFactoryBean - Closing JPA EntityManagerFactory for persistence unit 'default'
2024-04-23 13:50:55 [Thread-7] INFO  com.zaxxer.hikari.HikariDataSource - HikariPool-2 - Shutdown initiated...
2024-04-23 13:50:55 [Thread-7] INFO  com.zaxxer.hikari.HikariDataSource - HikariPool-2 - Shutdown completed.
2024-04-23 13:50:55 [restartedMain] INFO  c.ssafy.stellar.StellarApplication - Starting StellarApplication using Java 17.0.9 with PID 2908 (C:\Users\SSAFY\SSAFY\Project\s10_final\S10P31C105\BackEnd\StellAR\build\classes\java\main started by SSAFY in C:\Users\SSAFY\SSAFY\Project\s10_final\S10P31C105\BackEnd\StellAR)
2024-04-23 13:50:55 [restartedMain] INFO  c.ssafy.stellar.StellarApplication - No active profile set, falling back to 1 default profile: "default"
2024-04-23 13:50:55 [restartedMain] INFO  o.s.d.r.c.RepositoryConfigurationDelegate - Bootstrapping Spring Data JPA repositories in DEFAULT mode.
2024-04-23 13:50:55 [restartedMain] INFO  o.s.d.r.c.RepositoryConfigurationDelegate - Finished Spring Data repository scanning in 6 ms. Found 2 JPA repository interfaces.
2024-04-23 13:50:55 [restartedMain] INFO  o.s.b.w.e.tomcat.TomcatWebServer - Tomcat initialized with port 8080 (http)
2024-04-23 13:50:55 [restartedMain] INFO  o.a.coyote.http11.Http11NioProtocol - Initializing ProtocolHandler ["http-nio-8080"]
2024-04-23 13:50:55 [restartedMain] INFO  o.a.catalina.core.StandardService - Starting service [Tomcat]
2024-04-23 13:50:55 [restartedMain] INFO  o.a.catalina.core.StandardEngine - Starting Servlet engine: [Apache Tomcat/10.1.19]
2024-04-23 13:50:55 [restartedMain] INFO  o.a.c.c.C.[Tomcat].[localhost].[/] - Initializing Spring embedded WebApplicationContext
2024-04-23 13:50:55 [restartedMain] INFO  o.s.b.w.s.c.ServletWebServerApplicationContext - Root WebApplicationContext: initialization completed in 194 ms
2024-04-23 13:50:55 [restartedMain] INFO  o.h.jpa.internal.util.LogHelper - HHH000204: Processing PersistenceUnitInfo [name: default]
2024-04-23 13:50:55 [restartedMain] INFO  o.h.c.i.RegionFactoryInitiator - HHH000026: Second-level cache disabled
2024-04-23 13:50:55 [restartedMain] INFO  o.s.o.j.p.SpringPersistenceUnitInfo - No LoadTimeWeaver setup: ignoring JPA class transformer
2024-04-23 13:50:55 [restartedMain] INFO  com.zaxxer.hikari.HikariDataSource - HikariPool-3 - Starting...
2024-04-23 13:50:55 [restartedMain] INFO  com.zaxxer.hikari.pool.HikariPool - HikariPool-3 - Added connection org.mariadb.jdbc.Connection@4469beef
2024-04-23 13:50:55 [restartedMain] INFO  com.zaxxer.hikari.HikariDataSource - HikariPool-3 - Start completed.
2024-04-23 13:50:55 [restartedMain] WARN  org.hibernate.dialect.Dialect - HHH000511: The 5.6.47 version for [org.hibernate.dialect.MariaDBDialect] is no longer supported, hence certain features may not work properly. The minimum supported version is 10.4.0. Check the community dialects project for available legacy versions.
2024-04-23 13:50:55 [restartedMain] WARN  org.hibernate.orm.deprecation - HHH90000025: MariaDBDialect does not need to be specified explicitly using 'hibernate.dialect' (remove the property setting and it will be selected by default)
2024-04-23 13:50:55 [restartedMain] INFO  o.h.e.t.j.p.i.JtaPlatformInitiator - HHH000489: No JTA platform available (set 'hibernate.transaction.jta.platform' to enable JTA platform integration)
2024-04-23 13:50:55 [restartedMain] INFO  o.s.o.j.LocalContainerEntityManagerFactoryBean - Initialized JPA EntityManagerFactory for persistence unit 'default'
2024-04-23 13:50:55 [restartedMain] WARN  o.s.b.a.o.j.JpaBaseConfiguration$JpaWebConfiguration - spring.jpa.open-in-view is enabled by default. Therefore, database queries may be performed during view rendering. Explicitly configure spring.jpa.open-in-view to disable this warning
2024-04-23 13:50:56 [restartedMain] INFO  o.s.b.d.a.OptionalLiveReloadServer - LiveReload server is running on port 35729
2024-04-23 13:50:56 [restartedMain] INFO  o.a.coyote.http11.Http11NioProtocol - Starting ProtocolHandler ["http-nio-8080"]
2024-04-23 13:50:56 [restartedMain] INFO  o.s.b.w.e.tomcat.TomcatWebServer - Tomcat started on port 8080 (http) with context path ''
2024-04-23 13:50:56 [restartedMain] INFO  c.ssafy.stellar.StellarApplication - Started StellarApplication in 0.795 seconds (process running for 360.497)
2024-04-23 13:50:56 [restartedMain] INFO  o.s.b.d.a.ConditionEvaluationDeltaLoggingListener - Condition evaluation unchanged
2024-04-23 13:50:58 [File Watcher] INFO  o.s.b.d.a.LocalDevToolsAutoConfiguration$RestartingClassPathChangeChangedEventListener - Restarting due to 1 class path change (0 additions, 0 deletions, 1 modification)
2024-04-23 13:50:58 [Thread-11] INFO  o.a.coyote.http11.Http11NioProtocol - Stopping ProtocolHandler ["http-nio-8080"]
2024-04-23 13:50:58 [Thread-11] INFO  o.s.o.j.LocalContainerEntityManagerFactoryBean - Closing JPA EntityManagerFactory for persistence unit 'default'
2024-04-23 13:50:58 [Thread-11] INFO  com.zaxxer.hikari.HikariDataSource - HikariPool-3 - Shutdown initiated...
2024-04-23 13:50:59 [Thread-11] INFO  com.zaxxer.hikari.HikariDataSource - HikariPool-3 - Shutdown completed.
2024-04-23 13:50:59 [restartedMain] INFO  c.ssafy.stellar.StellarApplication - Starting StellarApplication using Java 17.0.9 with PID 2908 (C:\Users\SSAFY\SSAFY\Project\s10_final\S10P31C105\BackEnd\StellAR\build\classes\java\main started by SSAFY in C:\Users\SSAFY\SSAFY\Project\s10_final\S10P31C105\BackEnd\StellAR)
2024-04-23 13:50:59 [restartedMain] INFO  c.ssafy.stellar.StellarApplication - No active profile set, falling back to 1 default profile: "default"
2024-04-23 13:50:59 [restartedMain] INFO  o.s.d.r.c.RepositoryConfigurationDelegate - Bootstrapping Spring Data JPA repositories in DEFAULT mode.
2024-04-23 13:50:59 [restartedMain] INFO  o.s.d.r.c.RepositoryConfigurationDelegate - Finished Spring Data repository scanning in 6 ms. Found 2 JPA repository interfaces.
2024-04-23 13:50:59 [restartedMain] INFO  o.s.b.w.e.tomcat.TomcatWebServer - Tomcat initialized with port 8080 (http)
2024-04-23 13:50:59 [restartedMain] INFO  o.a.coyote.http11.Http11NioProtocol - Initializing ProtocolHandler ["http-nio-8080"]
2024-04-23 13:50:59 [restartedMain] INFO  o.a.catalina.core.StandardService - Starting service [Tomcat]
2024-04-23 13:50:59 [restartedMain] INFO  o.a.catalina.core.StandardEngine - Starting Servlet engine: [Apache Tomcat/10.1.19]
2024-04-23 13:50:59 [restartedMain] INFO  o.a.c.c.C.[Tomcat].[localhost].[/] - Initializing Spring embedded WebApplicationContext
2024-04-23 13:50:59 [restartedMain] INFO  o.s.b.w.s.c.ServletWebServerApplicationContext - Root WebApplicationContext: initialization completed in 190 ms
2024-04-23 13:50:59 [restartedMain] INFO  o.h.jpa.internal.util.LogHelper - HHH000204: Processing PersistenceUnitInfo [name: default]
2024-04-23 13:50:59 [restartedMain] INFO  o.h.c.i.RegionFactoryInitiator - HHH000026: Second-level cache disabled
2024-04-23 13:50:59 [restartedMain] INFO  o.s.o.j.p.SpringPersistenceUnitInfo - No LoadTimeWeaver setup: ignoring JPA class transformer
2024-04-23 13:50:59 [restartedMain] INFO  com.zaxxer.hikari.HikariDataSource - HikariPool-4 - Starting...
2024-04-23 13:50:59 [restartedMain] INFO  com.zaxxer.hikari.pool.HikariPool - HikariPool-4 - Added connection org.mariadb.jdbc.Connection@767ac736
2024-04-23 13:50:59 [restartedMain] INFO  com.zaxxer.hikari.HikariDataSource - HikariPool-4 - Start completed.
2024-04-23 13:50:59 [restartedMain] WARN  org.hibernate.dialect.Dialect - HHH000511: The 5.6.47 version for [org.hibernate.dialect.MariaDBDialect] is no longer supported, hence certain features may not work properly. The minimum supported version is 10.4.0. Check the community dialects project for available legacy versions.
2024-04-23 13:50:59 [restartedMain] WARN  org.hibernate.orm.deprecation - HHH90000025: MariaDBDialect does not need to be specified explicitly using 'hibernate.dialect' (remove the property setting and it will be selected by default)
2024-04-23 13:50:59 [restartedMain] INFO  o.h.e.t.j.p.i.JtaPlatformInitiator - HHH000489: No JTA platform available (set 'hibernate.transaction.jta.platform' to enable JTA platform integration)
2024-04-23 13:50:59 [restartedMain] INFO  o.s.o.j.LocalContainerEntityManagerFactoryBean - Initialized JPA EntityManagerFactory for persistence unit 'default'
2024-04-23 13:50:59 [restartedMain] WARN  o.s.b.a.o.j.JpaBaseConfiguration$JpaWebConfiguration - spring.jpa.open-in-view is enabled by default. Therefore, database queries may be performed during view rendering. Explicitly configure spring.jpa.open-in-view to disable this warning
2024-04-23 13:50:59 [restartedMain] INFO  o.s.b.d.a.OptionalLiveReloadServer - LiveReload server is running on port 35729
2024-04-23 13:50:59 [restartedMain] INFO  o.a.coyote.http11.Http11NioProtocol - Starting ProtocolHandler ["http-nio-8080"]
2024-04-23 13:50:59 [restartedMain] INFO  o.s.b.w.e.tomcat.TomcatWebServer - Tomcat started on port 8080 (http) with context path ''
2024-04-23 13:50:59 [restartedMain] INFO  c.ssafy.stellar.StellarApplication - Started StellarApplication in 0.79 seconds (process running for 364.308)
2024-04-23 13:50:59 [restartedMain] INFO  o.s.b.d.a.ConditionEvaluationDeltaLoggingListener - Condition evaluation unchanged
2024-04-23 13:52:24 [SpringApplicationShutdownHook] INFO  o.s.o.j.LocalContainerEntityManagerFactoryBean - Closing JPA EntityManagerFactory for persistence unit 'default'
2024-04-23 13:52:24 [SpringApplicationShutdownHook] INFO  com.zaxxer.hikari.HikariDataSource - HikariPool-4 - Shutdown initiated...
2024-04-23 13:52:24 [SpringApplicationShutdownHook] INFO  com.zaxxer.hikari.HikariDataSource - HikariPool-4 - Shutdown completed.
2024-04-23 13:52:27 [restartedMain] INFO  c.ssafy.stellar.StellarApplication - Starting StellarApplication using Java 17.0.9 with PID 24212 (C:\Users\SSAFY\SSAFY\Project\s10_final\S10P31C105\BackEnd\StellAR\build\classes\java\main started by SSAFY in C:\Users\SSAFY\SSAFY\Project\s10_final\S10P31C105\BackEnd\StellAR)
2024-04-23 13:52:27 [restartedMain] INFO  c.ssafy.stellar.StellarApplication - No active profile set, falling back to 1 default profile: "default"
2024-04-23 13:52:27 [restartedMain] INFO  o.s.b.d.e.DevToolsPropertyDefaultsPostProcessor - Devtools property defaults active! Set 'spring.devtools.add-properties' to 'false' to disable
2024-04-23 13:52:27 [restartedMain] INFO  o.s.b.d.e.DevToolsPropertyDefaultsPostProcessor - For additional web related logging consider setting the 'logging.level.web' property to 'DEBUG'
2024-04-23 13:52:28 [restartedMain] INFO  o.s.d.r.c.RepositoryConfigurationDelegate - Bootstrapping Spring Data JPA repositories in DEFAULT mode.
2024-04-23 13:52:28 [restartedMain] INFO  o.s.d.r.c.RepositoryConfigurationDelegate - Finished Spring Data repository scanning in 35 ms. Found 2 JPA repository interfaces.
2024-04-23 13:52:28 [restartedMain] INFO  o.s.b.w.e.tomcat.TomcatWebServer - Tomcat initialized with port 8080 (http)
2024-04-23 13:52:28 [restartedMain] INFO  o.a.coyote.http11.Http11NioProtocol - Initializing ProtocolHandler ["http-nio-8080"]
2024-04-23 13:52:28 [restartedMain] INFO  o.a.catalina.core.StandardService - Starting service [Tomcat]
2024-04-23 13:52:28 [restartedMain] INFO  o.a.catalina.core.StandardEngine - Starting Servlet engine: [Apache Tomcat/10.1.19]
2024-04-23 13:52:28 [restartedMain] INFO  o.a.c.c.C.[Tomcat].[localhost].[/] - Initializing Spring embedded WebApplicationContext
2024-04-23 13:52:28 [restartedMain] INFO  o.s.b.w.s.c.ServletWebServerApplicationContext - Root WebApplicationContext: initialization completed in 908 ms
2024-04-23 13:52:28 [restartedMain] INFO  o.h.jpa.internal.util.LogHelper - HHH000204: Processing PersistenceUnitInfo [name: default]
2024-04-23 13:52:28 [restartedMain] INFO  org.hibernate.Version - HHH000412: Hibernate ORM core version 6.4.4.Final
2024-04-23 13:52:28 [restartedMain] INFO  o.h.c.i.RegionFactoryInitiator - HHH000026: Second-level cache disabled
2024-04-23 13:52:28 [restartedMain] INFO  o.s.o.j.p.SpringPersistenceUnitInfo - No LoadTimeWeaver setup: ignoring JPA class transformer
2024-04-23 13:52:28 [restartedMain] INFO  com.zaxxer.hikari.HikariDataSource - HikariPool-1 - Starting...
2024-04-23 13:52:29 [restartedMain] INFO  com.zaxxer.hikari.pool.HikariPool - HikariPool-1 - Added connection org.mariadb.jdbc.Connection@161384bf
2024-04-23 13:52:29 [restartedMain] INFO  com.zaxxer.hikari.HikariDataSource - HikariPool-1 - Start completed.
2024-04-23 13:52:29 [restartedMain] WARN  org.hibernate.dialect.Dialect - HHH000511: The 5.6.47 version for [org.hibernate.dialect.MariaDBDialect] is no longer supported, hence certain features may not work properly. The minimum supported version is 10.4.0. Check the community dialects project for available legacy versions.
2024-04-23 13:52:29 [restartedMain] WARN  org.hibernate.orm.deprecation - HHH90000025: MariaDBDialect does not need to be specified explicitly using 'hibernate.dialect' (remove the property setting and it will be selected by default)
2024-04-23 13:52:29 [restartedMain] INFO  o.h.e.t.j.p.i.JtaPlatformInitiator - HHH000489: No JTA platform available (set 'hibernate.transaction.jta.platform' to enable JTA platform integration)
2024-04-23 13:52:29 [restartedMain] INFO  o.s.o.j.LocalContainerEntityManagerFactoryBean - Initialized JPA EntityManagerFactory for persistence unit 'default'
2024-04-23 13:52:29 [restartedMain] WARN  o.s.b.a.o.j.JpaBaseConfiguration$JpaWebConfiguration - spring.jpa.open-in-view is enabled by default. Therefore, database queries may be performed during view rendering. Explicitly configure spring.jpa.open-in-view to disable this warning
2024-04-23 13:52:30 [restartedMain] INFO  o.s.b.d.a.OptionalLiveReloadServer - LiveReload server is running on port 35729
2024-04-23 13:52:30 [restartedMain] INFO  o.a.coyote.http11.Http11NioProtocol - Starting ProtocolHandler ["http-nio-8080"]
2024-04-23 13:52:30 [restartedMain] INFO  o.s.b.w.e.tomcat.TomcatWebServer - Tomcat started on port 8080 (http) with context path ''
2024-04-23 13:52:30 [restartedMain] INFO  c.ssafy.stellar.StellarApplication - Started StellarApplication in 3.159 seconds (process running for 3.554)
2024-04-23 13:52:44 [File Watcher] INFO  o.s.b.d.a.LocalDevToolsAutoConfiguration$RestartingClassPathChangeChangedEventListener - Restarting due to 1 class path change (0 additions, 0 deletions, 1 modification)
2024-04-23 13:52:44 [Thread-5] INFO  o.a.coyote.http11.Http11NioProtocol - Stopping ProtocolHandler ["http-nio-8080"]
2024-04-23 13:52:44 [Thread-5] INFO  o.s.o.j.LocalContainerEntityManagerFactoryBean - Closing JPA EntityManagerFactory for persistence unit 'default'
2024-04-23 13:52:44 [Thread-5] INFO  com.zaxxer.hikari.HikariDataSource - HikariPool-1 - Shutdown initiated...
2024-04-23 13:52:44 [Thread-5] INFO  com.zaxxer.hikari.HikariDataSource - HikariPool-1 - Shutdown completed.
2024-04-23 13:52:44 [restartedMain] INFO  c.ssafy.stellar.StellarApplication - Starting StellarApplication using Java 17.0.9 with PID 24212 (C:\Users\SSAFY\SSAFY\Project\s10_final\S10P31C105\BackEnd\StellAR\build\classes\java\main started by SSAFY in C:\Users\SSAFY\SSAFY\Project\s10_final\S10P31C105\BackEnd\StellAR)
2024-04-23 13:52:44 [restartedMain] INFO  c.ssafy.stellar.StellarApplication - No active profile set, falling back to 1 default profile: "default"
2024-04-23 13:52:44 [restartedMain] INFO  o.s.d.r.c.RepositoryConfigurationDelegate - Bootstrapping Spring Data JPA repositories in DEFAULT mode.
2024-04-23 13:52:44 [restartedMain] INFO  o.s.d.r.c.RepositoryConfigurationDelegate - Finished Spring Data repository scanning in 7 ms. Found 2 JPA repository interfaces.
2024-04-23 13:52:44 [restartedMain] INFO  o.s.b.w.e.tomcat.TomcatWebServer - Tomcat initialized with port 8080 (http)
2024-04-23 13:52:44 [restartedMain] INFO  o.a.coyote.http11.Http11NioProtocol - Initializing ProtocolHandler ["http-nio-8080"]
2024-04-23 13:52:44 [restartedMain] INFO  o.a.catalina.core.StandardService - Starting service [Tomcat]
2024-04-23 13:52:44 [restartedMain] INFO  o.a.catalina.core.StandardEngine - Starting Servlet engine: [Apache Tomcat/10.1.19]
2024-04-23 13:52:44 [restartedMain] INFO  o.a.c.c.C.[Tomcat].[localhost].[/] - Initializing Spring embedded WebApplicationContext
2024-04-23 13:52:44 [restartedMain] INFO  o.s.b.w.s.c.ServletWebServerApplicationContext - Root WebApplicationContext: initialization completed in 221 ms
2024-04-23 13:52:44 [restartedMain] INFO  o.h.jpa.internal.util.LogHelper - HHH000204: Processing PersistenceUnitInfo [name: default]
2024-04-23 13:52:44 [restartedMain] INFO  o.h.c.i.RegionFactoryInitiator - HHH000026: Second-level cache disabled
2024-04-23 13:52:44 [restartedMain] INFO  o.s.o.j.p.SpringPersistenceUnitInfo - No LoadTimeWeaver setup: ignoring JPA class transformer
2024-04-23 13:52:44 [restartedMain] INFO  com.zaxxer.hikari.HikariDataSource - HikariPool-2 - Starting...
2024-04-23 13:52:44 [restartedMain] INFO  com.zaxxer.hikari.pool.HikariPool - HikariPool-2 - Added connection org.mariadb.jdbc.Connection@1a9f4bc6
2024-04-23 13:52:44 [restartedMain] INFO  com.zaxxer.hikari.HikariDataSource - HikariPool-2 - Start completed.
2024-04-23 13:52:44 [restartedMain] WARN  org.hibernate.dialect.Dialect - HHH000511: The 5.6.47 version for [org.hibernate.dialect.MariaDBDialect] is no longer supported, hence certain features may not work properly. The minimum supported version is 10.4.0. Check the community dialects project for available legacy versions.
2024-04-23 13:52:44 [restartedMain] WARN  org.hibernate.orm.deprecation - HHH90000025: MariaDBDialect does not need to be specified explicitly using 'hibernate.dialect' (remove the property setting and it will be selected by default)
2024-04-23 13:52:44 [restartedMain] INFO  o.h.e.t.j.p.i.JtaPlatformInitiator - HHH000489: No JTA platform available (set 'hibernate.transaction.jta.platform' to enable JTA platform integration)
2024-04-23 13:52:44 [restartedMain] INFO  o.s.o.j.LocalContainerEntityManagerFactoryBean - Initialized JPA EntityManagerFactory for persistence unit 'default'
2024-04-23 13:52:44 [restartedMain] WARN  o.s.b.a.o.j.JpaBaseConfiguration$JpaWebConfiguration - spring.jpa.open-in-view is enabled by default. Therefore, database queries may be performed during view rendering. Explicitly configure spring.jpa.open-in-view to disable this warning
2024-04-23 13:52:45 [restartedMain] INFO  o.s.b.d.a.OptionalLiveReloadServer - LiveReload server is running on port 35729
2024-04-23 13:52:45 [restartedMain] INFO  o.a.coyote.http11.Http11NioProtocol - Starting ProtocolHandler ["http-nio-8080"]
2024-04-23 13:52:45 [restartedMain] INFO  o.s.b.w.e.tomcat.TomcatWebServer - Tomcat started on port 8080 (http) with context path ''
2024-04-23 13:52:45 [restartedMain] INFO  c.ssafy.stellar.StellarApplication - Started StellarApplication in 0.874 seconds (process running for 18.229)
2024-04-23 13:52:45 [restartedMain] INFO  o.s.b.d.a.ConditionEvaluationDeltaLoggingListener - Condition evaluation unchanged
2024-04-23 13:56:06 [SpringApplicationShutdownHook] INFO  o.s.o.j.LocalContainerEntityManagerFactoryBean - Closing JPA EntityManagerFactory for persistence unit 'default'
2024-04-23 13:56:06 [SpringApplicationShutdownHook] INFO  com.zaxxer.hikari.HikariDataSource - HikariPool-2 - Shutdown initiated...
2024-04-23 13:56:06 [SpringApplicationShutdownHook] INFO  com.zaxxer.hikari.HikariDataSource - HikariPool-2 - Shutdown completed.
2024-04-23 13:57:07 [restartedMain] INFO  c.ssafy.stellar.StellarApplication - Starting StellarApplication using Java 17.0.9 with PID 20604 (C:\Users\SSAFY\SSAFY\Project\s10_final\S10P31C105\BackEnd\StellAR\build\classes\java\main started by SSAFY in C:\Users\SSAFY\SSAFY\Project\s10_final\S10P31C105\BackEnd\StellAR)
2024-04-23 13:57:07 [restartedMain] INFO  c.ssafy.stellar.StellarApplication - No active profile set, falling back to 1 default profile: "default"
2024-04-23 13:57:07 [restartedMain] INFO  o.s.d.r.c.RepositoryConfigurationDelegate - Bootstrapping Spring Data JPA repositories in DEFAULT mode.
2024-04-23 13:57:07 [restartedMain] INFO  o.s.d.r.c.RepositoryConfigurationDelegate - Finished Spring Data repository scanning in 6 ms. Found 2 JPA repository interfaces.
2024-04-23 13:57:07 [restartedMain] INFO  o.s.b.w.e.tomcat.TomcatWebServer - Tomcat initialized with port 8080 (http)
2024-04-23 13:57:07 [restartedMain] INFO  o.a.coyote.http11.Http11NioProtocol - Initializing ProtocolHandler ["http-nio-8080"]
2024-04-23 13:57:07 [restartedMain] INFO  o.a.catalina.core.StandardService - Starting service [Tomcat]
2024-04-23 13:57:07 [restartedMain] INFO  o.a.catalina.core.StandardEngine - Starting Servlet engine: [Apache Tomcat/10.1.19]
2024-04-23 13:57:07 [restartedMain] INFO  o.a.c.c.C.[Tomcat].[localhost].[/] - Initializing Spring embedded WebApplicationContext
2024-04-23 13:57:07 [restartedMain] INFO  o.s.b.w.s.c.ServletWebServerApplicationContext - Root WebApplicationContext: initialization completed in 215 ms
2024-04-23 13:57:07 [restartedMain] INFO  o.h.jpa.internal.util.LogHelper - HHH000204: Processing PersistenceUnitInfo [name: default]
2024-04-23 13:57:07 [restartedMain] INFO  o.h.c.i.RegionFactoryInitiator - HHH000026: Second-level cache disabled
2024-04-23 13:57:07 [restartedMain] INFO  o.s.o.j.p.SpringPersistenceUnitInfo - No LoadTimeWeaver setup: ignoring JPA class transformer
2024-04-23 13:57:07 [restartedMain] INFO  com.zaxxer.hikari.HikariDataSource - HikariPool-2 - Starting...
2024-04-23 13:57:07 [restartedMain] INFO  com.zaxxer.hikari.pool.HikariPool - HikariPool-2 - Added connection org.mariadb.jdbc.Connection@2a8f9bde
2024-04-23 13:57:07 [restartedMain] INFO  com.zaxxer.hikari.HikariDataSource - HikariPool-2 - Start completed.
2024-04-23 13:57:07 [restartedMain] WARN  org.hibernate.dialect.Dialect - HHH000511: The 5.6.47 version for [org.hibernate.dialect.MariaDBDialect] is no longer supported, hence certain features may not work properly. The minimum supported version is 10.4.0. Check the community dialects project for available legacy versions.
2024-04-23 13:57:07 [restartedMain] WARN  org.hibernate.orm.deprecation - HHH90000025: MariaDBDialect does not need to be specified explicitly using 'hibernate.dialect' (remove the property setting and it will be selected by default)
2024-04-23 13:57:07 [restartedMain] INFO  o.h.e.t.j.p.i.JtaPlatformInitiator - HHH000489: No JTA platform available (set 'hibernate.transaction.jta.platform' to enable JTA platform integration)
2024-04-23 13:57:07 [restartedMain] INFO  o.s.o.j.LocalContainerEntityManagerFactoryBean - Initialized JPA EntityManagerFactory for persistence unit 'default'
2024-04-23 13:57:07 [restartedMain] WARN  o.s.b.a.o.j.JpaBaseConfiguration$JpaWebConfiguration - spring.jpa.open-in-view is enabled by default. Therefore, database queries may be performed during view rendering. Explicitly configure spring.jpa.open-in-view to disable this warning
2024-04-23 13:57:07 [restartedMain] INFO  o.s.b.d.a.OptionalLiveReloadServer - LiveReload server is running on port 35729
2024-04-23 13:57:07 [restartedMain] INFO  o.a.coyote.http11.Http11NioProtocol - Starting ProtocolHandler ["http-nio-8080"]
2024-04-23 13:57:07 [restartedMain] INFO  o.s.b.w.e.tomcat.TomcatWebServer - Tomcat started on port 8080 (http) with context path ''
2024-04-23 13:57:07 [restartedMain] INFO  c.ssafy.stellar.StellarApplication - Started StellarApplication in 0.832 seconds (process running for 60.025)
2024-04-23 13:57:07 [restartedMain] INFO  o.s.b.d.a.ConditionEvaluationDeltaLoggingListener - Condition evaluation unchanged
2024-04-23 17:24:11 [HikariPool-2 connection adder] WARN  o.m.jdbc.message.server.ErrorPacket - Error: 1203-42000: User S10P31C105 already has more than 'max_user_connections' active connections
2024-04-23 17:24:11 [HikariPool-2 connection adder] WARN  o.m.jdbc.message.server.ErrorPacket - Error: 1203-42000: User S10P31C105 already has more than 'max_user_connections' active connections
2024-04-23 17:24:12 [HikariPool-2 connection adder] WARN  o.m.jdbc.message.server.ErrorPacket - Error: 1203-42000: User S10P31C105 already has more than 'max_user_connections' active connections
2024-04-23 17:24:12 [HikariPool-2 connection adder] WARN  o.m.jdbc.message.server.ErrorPacket - Error: 1203-42000: User S10P31C105 already has more than 'max_user_connections' active connections
2024-04-23 17:24:12 [HikariPool-2 connection adder] WARN  o.m.jdbc.message.server.ErrorPacket - Error: 1203-42000: User S10P31C105 already has more than 'max_user_connections' active connections
2024-04-23 17:24:13 [HikariPool-2 connection adder] WARN  o.m.jdbc.message.server.ErrorPacket - Error: 1203-42000: User S10P31C105 already has more than 'max_user_connections' active connections
2024-04-23 17:24:24 [HikariPool-2 connection adder] WARN  o.m.jdbc.message.server.ErrorPacket - Error: 1203-42000: User S10P31C105 already has more than 'max_user_connections' active connections
2024-04-23 17:24:25 [HikariPool-2 connection adder] WARN  o.m.jdbc.message.server.ErrorPacket - Error: 1203-42000: User S10P31C105 already has more than 'max_user_connections' active connections
2024-04-23 17:24:25 [HikariPool-2 connection adder] WARN  o.m.jdbc.message.server.ErrorPacket - Error: 1203-42000: User S10P31C105 already has more than 'max_user_connections' active connections
2024-04-23 17:24:25 [HikariPool-2 connection adder] WARN  o.m.jdbc.message.server.ErrorPacket - Error: 1203-42000: User S10P31C105 already has more than 'max_user_connections' active connections
2024-04-23 17:24:25 [HikariPool-2 connection adder] WARN  o.m.jdbc.message.server.ErrorPacket - Error: 1203-42000: User S10P31C105 already has more than 'max_user_connections' active connections
2024-04-23 17:24:26 [HikariPool-2 connection adder] WARN  o.m.jdbc.message.server.ErrorPacket - Error: 1203-42000: User S10P31C105 already has more than 'max_user_connections' active connections
2024-04-23 17:24:27 [HikariPool-2 connection adder] WARN  o.m.jdbc.message.server.ErrorPacket - Error: 1203-42000: User S10P31C105 already has more than 'max_user_connections' active connections
2024-04-23 17:24:28 [HikariPool-2 connection adder] WARN  o.m.jdbc.message.server.ErrorPacket - Error: 1203-42000: User S10P31C105 already has more than 'max_user_connections' active connections
2024-04-23 17:24:31 [HikariPool-2 connection adder] WARN  o.m.jdbc.message.server.ErrorPacket - Error: 1203-42000: User S10P31C105 already has more than 'max_user_connections' active connections
2024-04-23 17:24:36 [HikariPool-2 connection adder] WARN  o.m.jdbc.message.server.ErrorPacket - Error: 1203-42000: User S10P31C105 already has more than 'max_user_connections' active connections
2024-04-23 17:24:41 [HikariPool-2 connection adder] WARN  o.m.jdbc.message.server.ErrorPacket - Error: 1203-42000: User S10P31C105 already has more than 'max_user_connections' active connections
2024-04-23 17:24:46 [HikariPool-2 connection adder] WARN  o.m.jdbc.message.server.ErrorPacket - Error: 1203-42000: User S10P31C105 already has more than 'max_user_connections' active connections
2024-04-23 17:24:51 [HikariPool-2 connection adder] WARN  o.m.jdbc.message.server.ErrorPacket - Error: 1203-42000: User S10P31C105 already has more than 'max_user_connections' active connections
2024-04-23 17:24:56 [HikariPool-2 connection adder] WARN  o.m.jdbc.message.server.ErrorPacket - Error: 1203-42000: User S10P31C105 already has more than 'max_user_connections' active connections
2024-04-23 17:25:01 [HikariPool-2 connection adder] WARN  o.m.jdbc.message.server.ErrorPacket - Error: 1203-42000: User S10P31C105 already has more than 'max_user_connections' active connections
2024-04-23 17:25:07 [HikariPool-2 connection adder] WARN  o.m.jdbc.message.server.ErrorPacket - Error: 1203-42000: User S10P31C105 already has more than 'max_user_connections' active connections
2024-04-23 17:25:12 [HikariPool-2 connection adder] WARN  o.m.jdbc.message.server.ErrorPacket - Error: 1203-42000: User S10P31C105 already has more than 'max_user_connections' active connections
2024-04-23 17:25:17 [HikariPool-2 connection adder] WARN  o.m.jdbc.message.server.ErrorPacket - Error: 1203-42000: User S10P31C105 already has more than 'max_user_connections' active connections
2024-04-23 17:25:22 [HikariPool-2 connection adder] WARN  o.m.jdbc.message.server.ErrorPacket - Error: 1203-42000: User S10P31C105 already has more than 'max_user_connections' active connections
2024-04-23 17:25:27 [HikariPool-2 connection adder] WARN  o.m.jdbc.message.server.ErrorPacket - Error: 1203-42000: User S10P31C105 already has more than 'max_user_connections' active connections
2024-04-23 17:25:28 [HikariPool-2 connection adder] WARN  o.m.jdbc.message.server.ErrorPacket - Error: 1203-42000: User S10P31C105 already has more than 'max_user_connections' active connections
2024-04-23 17:25:28 [HikariPool-2 connection adder] WARN  o.m.jdbc.message.server.ErrorPacket - Error: 1203-42000: User S10P31C105 already has more than 'max_user_connections' active connections
2024-04-23 17:25:28 [HikariPool-2 connection adder] WARN  o.m.jdbc.message.server.ErrorPacket - Error: 1203-42000: User S10P31C105 already has more than 'max_user_connections' active connections
2024-04-23 17:25:28 [HikariPool-2 connection adder] WARN  o.m.jdbc.message.server.ErrorPacket - Error: 1203-42000: User S10P31C105 already has more than 'max_user_connections' active connections
2024-04-23 17:25:29 [HikariPool-2 connection adder] WARN  o.m.jdbc.message.server.ErrorPacket - Error: 1203-42000: User S10P31C105 already has more than 'max_user_connections' active connections
2024-04-23 17:25:29 [HikariPool-2 connection adder] WARN  o.m.jdbc.message.server.ErrorPacket - Error: 1203-42000: User S10P31C105 already has more than 'max_user_connections' active connections
2024-04-23 17:25:31 [HikariPool-2 connection adder] WARN  o.m.jdbc.message.server.ErrorPacket - Error: 1203-42000: User S10P31C105 already has more than 'max_user_connections' active connections
2024-04-23 17:25:34 [HikariPool-2 connection adder] WARN  o.m.jdbc.message.server.ErrorPacket - Error: 1203-42000: User S10P31C105 already has more than 'max_user_connections' active connections
2024-04-23 17:25:39 [HikariPool-2 connection adder] WARN  o.m.jdbc.message.server.ErrorPacket - Error: 1203-42000: User S10P31C105 already has more than 'max_user_connections' active connections
2024-04-23 17:25:44 [HikariPool-2 connection adder] WARN  o.m.jdbc.message.server.ErrorPacket - Error: 1203-42000: User S10P31C105 already has more than 'max_user_connections' active connections
2024-04-23 17:25:44 [HikariPool-2 connection adder] WARN  o.m.jdbc.message.server.ErrorPacket - Error: 1203-42000: User S10P31C105 already has more than 'max_user_connections' active connections
2024-04-23 17:25:44 [HikariPool-2 connection adder] WARN  o.m.jdbc.message.server.ErrorPacket - Error: 1203-42000: User S10P31C105 already has more than 'max_user_connections' active connections
2024-04-23 17:25:45 [HikariPool-2 connection adder] WARN  o.m.jdbc.message.server.ErrorPacket - Error: 1203-42000: User S10P31C105 already has more than 'max_user_connections' active connections
2024-04-23 17:25:45 [HikariPool-2 connection adder] WARN  o.m.jdbc.message.server.ErrorPacket - Error: 1203-42000: User S10P31C105 already has more than 'max_user_connections' active connections
2024-04-23 17:25:45 [HikariPool-2 connection adder] WARN  o.m.jdbc.message.server.ErrorPacket - Error: 1203-42000: User S10P31C105 already has more than 'max_user_connections' active connections
2024-04-23 17:25:46 [HikariPool-2 connection adder] WARN  o.m.jdbc.message.server.ErrorPacket - Error: 1203-42000: User S10P31C105 already has more than 'max_user_connections' active connections
2024-04-23 17:25:48 [HikariPool-2 connection adder] WARN  o.m.jdbc.message.server.ErrorPacket - Error: 1203-42000: User S10P31C105 already has more than 'max_user_connections' active connections
2024-04-23 17:25:50 [HikariPool-2 connection adder] WARN  o.m.jdbc.message.server.ErrorPacket - Error: 1203-42000: User S10P31C105 already has more than 'max_user_connections' active connections
2024-04-23 17:25:51 [HikariPool-2 connection adder] WARN  o.m.jdbc.message.server.ErrorPacket - Error: 1203-42000: User S10P31C105 already has more than 'max_user_connections' active connections
2024-04-23 17:25:51 [HikariPool-2 connection adder] WARN  o.m.jdbc.message.server.ErrorPacket - Error: 1203-42000: User S10P31C105 already has more than 'max_user_connections' active connections
2024-04-23 17:25:51 [HikariPool-2 connection adder] WARN  o.m.jdbc.message.server.ErrorPacket - Error: 1203-42000: User S10P31C105 already has more than 'max_user_connections' active connections
2024-04-23 17:25:51 [HikariPool-2 connection adder] WARN  o.m.jdbc.message.server.ErrorPacket - Error: 1203-42000: User S10P31C105 already has more than 'max_user_connections' active connections
2024-04-23 17:25:52 [HikariPool-2 connection adder] WARN  o.m.jdbc.message.server.ErrorPacket - Error: 1203-42000: User S10P31C105 already has more than 'max_user_connections' active connections
2024-04-23 17:25:52 [HikariPool-2 connection adder] WARN  o.m.jdbc.message.server.ErrorPacket - Error: 1203-42000: User S10P31C105 already has more than 'max_user_connections' active connections
2024-04-23 17:25:54 [HikariPool-2 connection adder] WARN  o.m.jdbc.message.server.ErrorPacket - Error: 1203-42000: User S10P31C105 already has more than 'max_user_connections' active connections
2024-04-23 17:25:54 [HikariPool-2 connection adder] WARN  o.m.jdbc.message.server.ErrorPacket - Error: 1203-42000: User S10P31C105 already has more than 'max_user_connections' active connections
2024-04-23 17:25:54 [HikariPool-2 connection adder] WARN  o.m.jdbc.message.server.ErrorPacket - Error: 1203-42000: User S10P31C105 already has more than 'max_user_connections' active connections
2024-04-23 17:25:55 [HikariPool-2 connection adder] WARN  o.m.jdbc.message.server.ErrorPacket - Error: 1203-42000: User S10P31C105 already has more than 'max_user_connections' active connections
2024-04-23 17:25:55 [HikariPool-2 connection adder] WARN  o.m.jdbc.message.server.ErrorPacket - Error: 1203-42000: User S10P31C105 already has more than 'max_user_connections' active connections
2024-04-23 17:25:55 [HikariPool-2 connection adder] WARN  o.m.jdbc.message.server.ErrorPacket - Error: 1203-42000: User S10P31C105 already has more than 'max_user_connections' active connections
2024-04-23 17:25:56 [HikariPool-2 connection adder] WARN  o.m.jdbc.message.server.ErrorPacket - Error: 1203-42000: User S10P31C105 already has more than 'max_user_connections' active connections
2024-04-23 17:25:58 [HikariPool-2 connection adder] WARN  o.m.jdbc.message.server.ErrorPacket - Error: 1203-42000: User S10P31C105 already has more than 'max_user_connections' active connections
2024-04-23 17:26:00 [HikariPool-2 connection adder] WARN  o.m.jdbc.message.server.ErrorPacket - Error: 1203-42000: User S10P31C105 already has more than 'max_user_connections' active connections
2024-04-23 17:26:05 [HikariPool-2 connection adder] WARN  o.m.jdbc.message.server.ErrorPacket - Error: 1203-42000: User S10P31C105 already has more than 'max_user_connections' active connections
2024-04-23 17:26:11 [HikariPool-2 connection adder] WARN  o.m.jdbc.message.server.ErrorPacket - Error: 1203-42000: User S10P31C105 already has more than 'max_user_connections' active connections
2024-04-23 17:26:16 [HikariPool-2 connection adder] WARN  o.m.jdbc.message.server.ErrorPacket - Error: 1203-42000: User S10P31C105 already has more than 'max_user_connections' active connections
2024-04-23 17:26:21 [HikariPool-2 connection adder] WARN  o.m.jdbc.message.server.ErrorPacket - Error: 1203-42000: User S10P31C105 already has more than 'max_user_connections' active connections
2024-04-23 17:26:26 [HikariPool-2 connection adder] WARN  o.m.jdbc.message.server.ErrorPacket - Error: 1203-42000: User S10P31C105 already has more than 'max_user_connections' active connections
2024-04-23 17:26:31 [HikariPool-2 connection adder] WARN  o.m.jdbc.message.server.ErrorPacket - Error: 1203-42000: User S10P31C105 already has more than 'max_user_connections' active connections
2024-04-23 17:26:36 [HikariPool-2 connection adder] WARN  o.m.jdbc.message.server.ErrorPacket - Error: 1203-42000: User S10P31C105 already has more than 'max_user_connections' active connections
2024-04-23 17:26:41 [HikariPool-2 connection adder] WARN  o.m.jdbc.message.server.ErrorPacket - Error: 1203-42000: User S10P31C105 already has more than 'max_user_connections' active connections
2024-04-23 17:26:46 [HikariPool-2 connection adder] WARN  o.m.jdbc.message.server.ErrorPacket - Error: 1203-42000: User S10P31C105 already has more than 'max_user_connections' active connections
2024-04-23 17:26:52 [HikariPool-2 connection adder] WARN  o.m.jdbc.message.server.ErrorPacket - Error: 1203-42000: User S10P31C105 already has more than 'max_user_connections' active connections
2024-04-23 17:26:57 [HikariPool-2 connection adder] WARN  o.m.jdbc.message.server.ErrorPacket - Error: 1203-42000: User S10P31C105 already has more than 'max_user_connections' active connections
2024-04-23 17:43:11 [SpringApplicationShutdownHook] INFO  o.s.o.j.LocalContainerEntityManagerFactoryBean - Closing JPA EntityManagerFactory for persistence unit 'default'
2024-04-23 17:43:11 [SpringApplicationShutdownHook] INFO  com.zaxxer.hikari.HikariDataSource - HikariPool-2 - Shutdown initiated...
2024-04-23 17:43:11 [SpringApplicationShutdownHook] INFO  com.zaxxer.hikari.HikariDataSource - HikariPool-2 - Shutdown completed.
