2024-04-29 08:41:33 [HikariPool-2 housekeeper] WARN  com.zaxxer.hikari.pool.HikariPool - HikariPool-2 - Thread starvation or clock leap detected (housekeeper delta=12h4m1s625ms157µs900ns).
2024-04-29 10:37:52 [File Watcher] INFO  o.s.b.d.a.LocalDevToolsAutoConfiguration$RestartingClassPathChangeChangedEventListener - Restarting due to 1 class path change (0 additions, 1 deletion, 0 modifications)
2024-04-29 10:37:52 [Thread-7] INFO  o.a.coyote.http11.Http11NioProtocol - Stopping ProtocolHandler ["http-nio-8080"]
2024-04-29 10:37:52 [Thread-7] INFO  o.s.o.j.LocalContainerEntityManagerFactoryBean - Closing JPA EntityManagerFactory for persistence unit 'default'
2024-04-29 10:37:52 [Thread-7] INFO  com.zaxxer.hikari.HikariDataSource - HikariPool-2 - Shutdown initiated...
2024-04-29 10:37:52 [Thread-7] INFO  com.zaxxer.hikari.HikariDataSource - HikariPool-2 - Shutdown completed.
2024-04-29 10:37:53 [restartedMain] INFO  c.ssafy.stellar.StellarApplication - Starting StellarApplication using Java 17.0.9 with PID 312 (C:\Users\SSAFY\SSAFY\Project\s10_final\S10P31C105\BackEnd\StellAR\build\classes\java\main started by SSAFY in C:\Users\SSAFY\SSAFY\Project\s10_final\S10P31C105\BackEnd\StellAR)
2024-04-29 10:37:53 [restartedMain] INFO  c.ssafy.stellar.StellarApplication - No active profile set, falling back to 1 default profile: "default"
2024-04-29 10:37:53 [restartedMain] INFO  o.s.d.r.c.RepositoryConfigurationDelegate - Bootstrapping Spring Data JPA repositories in DEFAULT mode.
2024-04-29 10:37:53 [restartedMain] INFO  o.s.d.r.c.RepositoryConfigurationDelegate - Finished Spring Data repository scanning in 11 ms. Found 3 JPA repository interfaces.
2024-04-29 10:37:53 [restartedMain] INFO  o.s.b.w.e.tomcat.TomcatWebServer - Tomcat initialized with port 8080 (http)
2024-04-29 10:37:53 [restartedMain] INFO  o.a.coyote.http11.Http11NioProtocol - Initializing ProtocolHandler ["http-nio-8080"]
2024-04-29 10:37:53 [restartedMain] INFO  o.a.catalina.core.StandardService - Starting service [Tomcat]
2024-04-29 10:37:53 [restartedMain] INFO  o.a.catalina.core.StandardEngine - Starting Servlet engine: [Apache Tomcat/10.1.19]
2024-04-29 10:37:53 [restartedMain] INFO  o.a.c.c.C.[.[localhost].[/api] - Initializing Spring embedded WebApplicationContext
2024-04-29 10:37:53 [restartedMain] INFO  o.s.b.w.s.c.ServletWebServerApplicationContext - Root WebApplicationContext: initialization completed in 362 ms
2024-04-29 10:37:53 [restartedMain] INFO  o.h.jpa.internal.util.LogHelper - HHH000204: Processing PersistenceUnitInfo [name: default]
2024-04-29 10:37:53 [restartedMain] INFO  o.h.c.i.RegionFactoryInitiator - HHH000026: Second-level cache disabled
2024-04-29 10:37:53 [restartedMain] INFO  o.s.o.j.p.SpringPersistenceUnitInfo - No LoadTimeWeaver setup: ignoring JPA class transformer
2024-04-29 10:37:53 [restartedMain] INFO  com.zaxxer.hikari.HikariDataSource - HikariPool-3 - Starting...
2024-04-29 10:37:53 [restartedMain] INFO  com.zaxxer.hikari.pool.HikariPool - HikariPool-3 - Added connection org.mariadb.jdbc.Connection@334969b3
2024-04-29 10:37:53 [restartedMain] INFO  com.zaxxer.hikari.HikariDataSource - HikariPool-3 - Start completed.
2024-04-29 10:37:53 [restartedMain] WARN  org.hibernate.dialect.Dialect - HHH000511: The 5.6.47 version for [org.hibernate.dialect.MariaDBDialect] is no longer supported, hence certain features may not work properly. The minimum supported version is 10.4.0. Check the community dialects project for available legacy versions.
2024-04-29 10:37:53 [restartedMain] WARN  org.hibernate.orm.deprecation - HHH90000025: MariaDBDialect does not need to be specified explicitly using 'hibernate.dialect' (remove the property setting and it will be selected by default)
2024-04-29 10:37:53 [restartedMain] INFO  o.h.e.t.j.p.i.JtaPlatformInitiator - HHH000489: No JTA platform available (set 'hibernate.transaction.jta.platform' to enable JTA platform integration)
2024-04-29 10:37:53 [restartedMain] INFO  o.s.o.j.LocalContainerEntityManagerFactoryBean - Initialized JPA EntityManagerFactory for persistence unit 'default'
2024-04-29 10:37:53 [restartedMain] WARN  o.s.b.w.s.c.AnnotationConfigServletWebServerApplicationContext - Exception encountered during context initialization - cancelling refresh attempt: org.springframework.beans.factory.UnsatisfiedDependencyException: Error creating bean with name 'starController' defined in file [C:\Users\SSAFY\SSAFY\Project\s10_final\S10P31C105\BackEnd\StellAR\build\classes\java\main\com\ssafy\stellar\star\controller\StarController.class]: Unsatisfied dependency expressed through constructor parameter 0: No qualifying bean of type 'com.ssafy.stellar.star.service.StarService' available: expected at least 1 bean which qualifies as autowire candidate. Dependency annotations: {}
2024-04-29 10:37:53 [restartedMain] INFO  o.s.o.j.LocalContainerEntityManagerFactoryBean - Closing JPA EntityManagerFactory for persistence unit 'default'
2024-04-29 10:37:53 [restartedMain] INFO  com.zaxxer.hikari.HikariDataSource - HikariPool-3 - Shutdown initiated...
2024-04-29 10:37:53 [restartedMain] INFO  com.zaxxer.hikari.HikariDataSource - HikariPool-3 - Shutdown completed.
2024-04-29 10:37:53 [restartedMain] INFO  o.a.catalina.core.StandardService - Stopping service [Tomcat]
2024-04-29 10:37:53 [restartedMain] INFO  o.s.b.a.l.ConditionEvaluationReportLogger - 

Error starting ApplicationContext. To display the condition evaluation report re-run your application with 'debug' enabled.
2024-04-29 10:37:53 [restartedMain] ERROR o.s.b.d.LoggingFailureAnalysisReporter - 

***************************
APPLICATION FAILED TO START
***************************

Description:

Parameter 0 of constructor in com.ssafy.stellar.star.controller.StarController required a bean of type 'com.ssafy.stellar.star.service.StarService' that could not be found.


Action:

Consider defining a bean of type 'com.ssafy.stellar.star.service.StarService' in your configuration.

2024-04-29 10:37:55 [restartedMain] INFO  c.ssafy.stellar.StellarApplication - Starting StellarApplication using Java 17.0.9 with PID 312 (C:\Users\SSAFY\SSAFY\Project\s10_final\S10P31C105\BackEnd\StellAR\build\classes\java\main started by SSAFY in C:\Users\SSAFY\SSAFY\Project\s10_final\S10P31C105\BackEnd\StellAR)
2024-04-29 10:37:55 [restartedMain] INFO  c.ssafy.stellar.StellarApplication - No active profile set, falling back to 1 default profile: "default"
2024-04-29 10:37:55 [restartedMain] INFO  o.s.d.r.c.RepositoryConfigurationDelegate - Bootstrapping Spring Data JPA repositories in DEFAULT mode.
2024-04-29 10:37:55 [restartedMain] INFO  o.s.d.r.c.RepositoryConfigurationDelegate - Finished Spring Data repository scanning in 16 ms. Found 3 JPA repository interfaces.
2024-04-29 10:37:55 [restartedMain] INFO  o.s.b.w.e.tomcat.TomcatWebServer - Tomcat initialized with port 8080 (http)
2024-04-29 10:37:55 [restartedMain] INFO  o.a.coyote.http11.Http11NioProtocol - Initializing ProtocolHandler ["http-nio-8080"]
2024-04-29 10:37:55 [restartedMain] INFO  o.a.catalina.core.StandardService - Starting service [Tomcat]
2024-04-29 10:37:55 [restartedMain] INFO  o.a.catalina.core.StandardEngine - Starting Servlet engine: [Apache Tomcat/10.1.19]
2024-04-29 10:37:55 [restartedMain] INFO  o.a.c.c.C.[.[localhost].[/api] - Initializing Spring embedded WebApplicationContext
2024-04-29 10:37:55 [restartedMain] INFO  o.s.b.w.s.c.ServletWebServerApplicationContext - Root WebApplicationContext: initialization completed in 238 ms
2024-04-29 10:37:55 [restartedMain] INFO  o.h.jpa.internal.util.LogHelper - HHH000204: Processing PersistenceUnitInfo [name: default]
2024-04-29 10:37:55 [restartedMain] INFO  o.h.c.i.RegionFactoryInitiator - HHH000026: Second-level cache disabled
2024-04-29 10:37:55 [restartedMain] INFO  o.s.o.j.p.SpringPersistenceUnitInfo - No LoadTimeWeaver setup: ignoring JPA class transformer
2024-04-29 10:37:55 [restartedMain] INFO  com.zaxxer.hikari.HikariDataSource - HikariPool-4 - Starting...
2024-04-29 10:37:55 [restartedMain] INFO  com.zaxxer.hikari.pool.HikariPool - HikariPool-4 - Added connection org.mariadb.jdbc.Connection@13729a32
2024-04-29 10:37:55 [restartedMain] INFO  com.zaxxer.hikari.HikariDataSource - HikariPool-4 - Start completed.
2024-04-29 10:37:55 [restartedMain] WARN  org.hibernate.dialect.Dialect - HHH000511: The 5.6.47 version for [org.hibernate.dialect.MariaDBDialect] is no longer supported, hence certain features may not work properly. The minimum supported version is 10.4.0. Check the community dialects project for available legacy versions.
2024-04-29 10:37:55 [restartedMain] WARN  org.hibernate.orm.deprecation - HHH90000025: MariaDBDialect does not need to be specified explicitly using 'hibernate.dialect' (remove the property setting and it will be selected by default)
2024-04-29 10:37:55 [restartedMain] INFO  o.h.e.t.j.p.i.JtaPlatformInitiator - HHH000489: No JTA platform available (set 'hibernate.transaction.jta.platform' to enable JTA platform integration)
2024-04-29 10:37:55 [restartedMain] INFO  o.s.o.j.LocalContainerEntityManagerFactoryBean - Initialized JPA EntityManagerFactory for persistence unit 'default'
2024-04-29 10:37:55 [restartedMain] WARN  o.s.b.a.o.j.JpaBaseConfiguration$JpaWebConfiguration - spring.jpa.open-in-view is enabled by default. Therefore, database queries may be performed during view rendering. Explicitly configure spring.jpa.open-in-view to disable this warning
2024-04-29 10:37:55 [restartedMain] WARN  o.s.b.a.s.s.UserDetailsServiceAutoConfiguration - 

Using generated security password: 18da21eb-9876-4b08-9c85-29b1c05e0021

This generated password is for development use only. Your security configuration must be updated before running your application in production.

2024-04-29 10:37:56 [restartedMain] INFO  o.s.s.web.DefaultSecurityFilterChain - Will secure any request with [org.springframework.security.web.session.DisableEncodeUrlFilter@2f3a341d, org.springframework.security.web.context.request.async.WebAsyncManagerIntegrationFilter@5a3c136a, org.springframework.security.web.context.SecurityContextHolderFilter@58bbb6a, org.springframework.security.web.header.HeaderWriterFilter@fd1b19d, org.springframework.security.web.authentication.logout.LogoutFilter@72ffe099, org.springframework.security.web.savedrequest.RequestCacheAwareFilter@722c8794, org.springframework.security.web.servletapi.SecurityContextHolderAwareRequestFilter@3eae64ab, org.springframework.security.web.authentication.AnonymousAuthenticationFilter@47ce8aeb, org.springframework.security.web.access.ExceptionTranslationFilter@6f147b49, org.springframework.security.web.access.intercept.AuthorizationFilter@22ccf3f5]
2024-04-29 10:37:56 [restartedMain] INFO  o.s.b.d.a.OptionalLiveReloadServer - LiveReload server is running on port 35729
2024-04-29 10:37:56 [restartedMain] INFO  o.a.coyote.http11.Http11NioProtocol - Starting ProtocolHandler ["http-nio-8080"]
2024-04-29 10:37:56 [restartedMain] INFO  o.s.b.w.e.tomcat.TomcatWebServer - Tomcat started on port 8080 (http) with context path '/api'
2024-04-29 10:37:56 [restartedMain] INFO  c.ssafy.stellar.StellarApplication - Started StellarApplication in 0.963 seconds (process running for 237714.026)
2024-04-29 10:37:56 [restartedMain] INFO  o.s.b.d.a.ConditionEvaluationDeltaLoggingListener - Condition evaluation unchanged
2024-04-29 10:37:56 [HikariPool-4 connection adder] WARN  o.m.jdbc.message.server.ErrorPacket - Error: 1203-42000: User S10P31C105 already has more than 'max_user_connections' active connections
2024-04-29 10:37:56 [HikariPool-4 connection adder] WARN  o.m.jdbc.message.server.ErrorPacket - Error: 1203-42000: User S10P31C105 already has more than 'max_user_connections' active connections
2024-04-29 10:37:56 [HikariPool-4 connection adder] WARN  o.m.jdbc.message.server.ErrorPacket - Error: 1203-42000: User S10P31C105 already has more than 'max_user_connections' active connections
2024-04-29 10:37:57 [HikariPool-4 connection adder] WARN  o.m.jdbc.message.server.ErrorPacket - Error: 1203-42000: User S10P31C105 already has more than 'max_user_connections' active connections
2024-04-29 10:37:57 [HikariPool-4 connection adder] WARN  o.m.jdbc.message.server.ErrorPacket - Error: 1203-42000: User S10P31C105 already has more than 'max_user_connections' active connections
2024-04-29 10:37:57 [HikariPool-4 connection adder] WARN  o.m.jdbc.message.server.ErrorPacket - Error: 1203-42000: User S10P31C105 already has more than 'max_user_connections' active connections
2024-04-29 10:37:58 [HikariPool-4 connection adder] WARN  o.m.jdbc.message.server.ErrorPacket - Error: 1203-42000: User S10P31C105 already has more than 'max_user_connections' active connections
2024-04-29 10:38:00 [HikariPool-4 connection adder] WARN  o.m.jdbc.message.server.ErrorPacket - Error: 1203-42000: User S10P31C105 already has more than 'max_user_connections' active connections
2024-04-29 10:38:02 [HikariPool-4 connection adder] WARN  o.m.jdbc.message.server.ErrorPacket - Error: 1203-42000: User S10P31C105 already has more than 'max_user_connections' active connections
2024-04-29 10:38:07 [HikariPool-4 connection adder] WARN  o.m.jdbc.message.server.ErrorPacket - Error: 1203-42000: User S10P31C105 already has more than 'max_user_connections' active connections
2024-04-29 10:38:13 [HikariPool-4 connection adder] WARN  o.m.jdbc.message.server.ErrorPacket - Error: 1203-42000: User S10P31C105 already has more than 'max_user_connections' active connections
2024-04-29 10:38:18 [HikariPool-4 connection adder] WARN  o.m.jdbc.message.server.ErrorPacket - Error: 1203-42000: User S10P31C105 already has more than 'max_user_connections' active connections
2024-04-29 10:38:23 [HikariPool-4 connection adder] WARN  o.m.jdbc.message.server.ErrorPacket - Error: 1203-42000: User S10P31C105 already has more than 'max_user_connections' active connections
2024-04-29 10:38:28 [HikariPool-4 connection adder] WARN  o.m.jdbc.message.server.ErrorPacket - Error: 1203-42000: User S10P31C105 already has more than 'max_user_connections' active connections
2024-04-29 10:38:33 [HikariPool-4 connection adder] WARN  o.m.jdbc.message.server.ErrorPacket - Error: 1203-42000: User S10P31C105 already has more than 'max_user_connections' active connections
2024-04-29 10:38:38 [HikariPool-4 connection adder] WARN  o.m.jdbc.message.server.ErrorPacket - Error: 1203-42000: User S10P31C105 already has more than 'max_user_connections' active connections
2024-04-29 10:38:43 [HikariPool-4 connection adder] WARN  o.m.jdbc.message.server.ErrorPacket - Error: 1203-42000: User S10P31C105 already has more than 'max_user_connections' active connections
2024-04-29 10:38:49 [HikariPool-4 connection adder] WARN  o.m.jdbc.message.server.ErrorPacket - Error: 1203-42000: User S10P31C105 already has more than 'max_user_connections' active connections
2024-04-29 10:38:54 [HikariPool-4 connection adder] WARN  o.m.jdbc.message.server.ErrorPacket - Error: 1203-42000: User S10P31C105 already has more than 'max_user_connections' active connections
2024-04-29 10:38:59 [HikariPool-4 connection adder] WARN  o.m.jdbc.message.server.ErrorPacket - Error: 1203-42000: User S10P31C105 already has more than 'max_user_connections' active connections
2024-04-29 10:39:04 [HikariPool-4 connection adder] WARN  o.m.jdbc.message.server.ErrorPacket - Error: 1203-42000: User S10P31C105 already has more than 'max_user_connections' active connections
2024-04-29 10:39:09 [HikariPool-4 connection adder] WARN  o.m.jdbc.message.server.ErrorPacket - Error: 1203-42000: User S10P31C105 already has more than 'max_user_connections' active connections
2024-04-29 10:39:14 [HikariPool-4 connection adder] WARN  o.m.jdbc.message.server.ErrorPacket - Error: 1203-42000: User S10P31C105 already has more than 'max_user_connections' active connections
2024-04-29 10:39:19 [HikariPool-4 connection adder] WARN  o.m.jdbc.message.server.ErrorPacket - Error: 1203-42000: User S10P31C105 already has more than 'max_user_connections' active connections
2024-04-29 10:39:24 [HikariPool-4 connection adder] WARN  o.m.jdbc.message.server.ErrorPacket - Error: 1203-42000: User S10P31C105 already has more than 'max_user_connections' active connections
2024-04-29 10:39:30 [HikariPool-4 connection adder] WARN  o.m.jdbc.message.server.ErrorPacket - Error: 1203-42000: User S10P31C105 already has more than 'max_user_connections' active connections
2024-04-29 10:39:35 [HikariPool-4 connection adder] WARN  o.m.jdbc.message.server.ErrorPacket - Error: 1203-42000: User S10P31C105 already has more than 'max_user_connections' active connections
2024-04-29 10:39:40 [HikariPool-4 connection adder] WARN  o.m.jdbc.message.server.ErrorPacket - Error: 1203-42000: User S10P31C105 already has more than 'max_user_connections' active connections
2024-04-29 10:39:45 [HikariPool-4 connection adder] WARN  o.m.jdbc.message.server.ErrorPacket - Error: 1203-42000: User S10P31C105 already has more than 'max_user_connections' active connections
2024-04-29 10:39:50 [HikariPool-4 connection adder] WARN  o.m.jdbc.message.server.ErrorPacket - Error: 1203-42000: User S10P31C105 already has more than 'max_user_connections' active connections
2024-04-29 10:39:55 [HikariPool-4 connection adder] WARN  o.m.jdbc.message.server.ErrorPacket - Error: 1203-42000: User S10P31C105 already has more than 'max_user_connections' active connections
2024-04-29 10:40:31 [SpringApplicationShutdownHook] INFO  o.s.o.j.LocalContainerEntityManagerFactoryBean - Closing JPA EntityManagerFactory for persistence unit 'default'
2024-04-29 10:40:31 [SpringApplicationShutdownHook] INFO  com.zaxxer.hikari.HikariDataSource - HikariPool-4 - Shutdown initiated...
2024-04-29 10:40:31 [SpringApplicationShutdownHook] INFO  com.zaxxer.hikari.HikariDataSource - HikariPool-4 - Shutdown completed.
